c:\directx11\directx11project\directx11project\debug\vc140.pdb
c:\directx11\directx11project\directx11project\debug\vc140.idb
c:\directx11\directx11project\directx11project\debug\dxapp.obj
c:\directx11\directx11project\directx11project\debug\winmain.obj
c:\directx11\directx11project\directx11project\debug\dxutil.obj
c:\directx11\directx11project\debug\directx11project.ilk
c:\directx11\directx11project\debug\directx11project.exe
c:\directx11\directx11project\debug\directx11project.pdb
c:\directx11\directx11project\directx11project\debug\directx11project.tlog\cl.command.1.tlog
c:\directx11\directx11project\directx11project\debug\directx11project.tlog\cl.read.1.tlog
c:\directx11\directx11project\directx11project\debug\directx11project.tlog\cl.write.1.tlog
c:\directx11\directx11project\directx11project\debug\directx11project.tlog\link.24856-cvtres.read.1.tlog
c:\directx11\directx11project\directx11project\debug\directx11project.tlog\link.24856-cvtres.write.1.tlog
c:\directx11\directx11project\directx11project\debug\directx11project.tlog\link.24856-rc.read.1.tlog
c:\directx11\directx11project\directx11project\debug\directx11project.tlog\link.24856-rc.write.1.tlog
c:\directx11\directx11project\directx11project\debug\directx11project.tlog\link.24856.read.1.tlog
c:\directx11\directx11project\directx11project\debug\directx11project.tlog\link.24856.write.1.tlog
c:\directx11\directx11project\directx11project\debug\directx11project.tlog\link.command.1.tlog
c:\directx11\directx11project\directx11project\debug\directx11project.tlog\link.read.1.tlog
c:\directx11\directx11project\directx11project\debug\directx11project.tlog\link.write.1.tlog
